app/build/intermediates/manifest_merge_blame_file/debug/processDebugMainManifest/manifest-merger-blame-debug-report.txt
1<?xml version="1.0" encoding="utf-8"?>
2<manifest xmlns:android="http://schemas.android.com/apk/res/android"
3    package="com.meshcommand.app"
4    android:versionCode="1"
5    android:versionName="0.1.0" >
6
7    <uses-sdk
8        android:minSdkVersion="29"
9        android:targetSdkVersion="34" />
10
11    <uses-feature
11-->src\main\AndroidManifest.xml:5:5-86
12        android:name="android.hardware.usb.host"
12-->src\main\AndroidManifest.xml:5:19-59
13        android:required="true" />
13-->src\main\AndroidManifest.xml:5:60-83
14
15    <uses-permission android:name="android.permission.FOREGROUND_SERVICE" />
15-->src\main\AndroidManifest.xml:6:5-77
15-->src\main\AndroidManifest.xml:6:22-74
16    <uses-permission android:name="android.permission.FOREGROUND_SERVICE_CONNECTED_DEVICE" />
16-->src\main\AndroidManifest.xml:7:5-94
16-->src\main\AndroidManifest.xml:7:22-91
17    <uses-permission android:name="android.permission.INTERNET" />
17-->src\main\AndroidManifest.xml:8:5-67
17-->src\main\AndroidManifest.xml:8:22-64
18    <uses-permission android:name="android.permission.ACCESS_WIFI_STATE" />
18-->src\main\AndroidManifest.xml:9:5-76
18-->src\main\AndroidManifest.xml:9:22-73
19    <uses-permission android:name="android.permission.ACCESS_NETWORK_STATE" />
19-->src\main\AndroidManifest.xml:10:5-79
19-->src\main\AndroidManifest.xml:10:22-76
20    <uses-permission android:name="android.permission.CHANGE_NETWORK_STATE" />
20-->src\main\AndroidManifest.xml:11:5-79
20-->src\main\AndroidManifest.xml:11:22-76
21    <uses-permission android:name="android.permission.VIBRATE" />
21-->src\main\AndroidManifest.xml:12:5-66
21-->src\main\AndroidManifest.xml:12:22-63
22    <uses-permission android:name="android.permission.POST_NOTIFICATIONS" />
22-->src\main\AndroidManifest.xml:13:5-77
22-->src\main\AndroidManifest.xml:13:22-74
23
24    <uses-feature
24-->[org.maplibre.gl:android-sdk:11.0.0] AndroidManifest.xml:7:5-9:35
25        android:glEsVersion="0x00030000"
25-->[org.maplibre.gl:android-sdk:11.0.0] AndroidManifest.xml:8:9-41
26        android:required="true" />
26-->[org.maplibre.gl:android-sdk:11.0.0] AndroidManifest.xml:9:9-32
27    <uses-feature
27-->[org.maplibre.gl:android-sdk:11.0.0] AndroidManifest.xml:10:5-12:36
28        android:name="android.hardware.wifi"
28-->[org.maplibre.gl:android-sdk:11.0.0] AndroidManifest.xml:11:9-45
29        android:required="false" />
29-->[org.maplibre.gl:android-sdk:11.0.0] AndroidManifest.xml:12:9-33
30
31    <uses-permission android:name="android.permission.ACCESS_COARSE_LOCATION" />
31-->[org.maplibre.gl:android-sdk:11.0.0] AndroidManifest.xml:17:5-81
31-->[org.maplibre.gl:android-sdk:11.0.0] AndroidManifest.xml:17:22-78
32    <uses-permission android:name="android.permission.ACCESS_FINE_LOCATION" />
32-->[org.maplibre.gl:android-sdk:11.0.0] AndroidManifest.xml:18:5-79
32-->[org.maplibre.gl:android-sdk:11.0.0] AndroidManifest.xml:18:22-76
33
34    <permission
34-->[androidx.core:core:1.13.1] AndroidManifest.xml:22:5-24:47
35        android:name="com.meshcommand.app.DYNAMIC_RECEIVER_NOT_EXPORTED_PERMISSION"
35-->[androidx.core:core:1.13.1] AndroidManifest.xml:23:9-81
36        android:protectionLevel="signature" />
36-->[androidx.core:core:1.13.1] AndroidManifest.xml:24:9-44
37
38    <uses-permission android:name="com.meshcommand.app.DYNAMIC_RECEIVER_NOT_EXPORTED_PERMISSION" />
38-->[androidx.core:core:1.13.1] AndroidManifest.xml:26:5-97
38-->[androidx.core:core:1.13.1] AndroidManifest.xml:26:22-94
39
40    <application
40-->src\main\AndroidManifest.xml:15:5-44:19
41        android:name="com.meshcommand.app.MeshCommandApp"
41-->src\main\AndroidManifest.xml:16:9-39
42        android:allowBackup="true"
42-->src\main\AndroidManifest.xml:17:9-35
43        android:appComponentFactory="androidx.core.app.CoreComponentFactory"
43-->[androidx.core:core:1.13.1] AndroidManifest.xml:28:18-86
44        android:debuggable="true"
45        android:extractNativeLibs="false"
46        android:icon="@mipmap/ic_launcher"
46-->src\main\AndroidManifest.xml:18:9-43
47        android:label="@string/app_name"
47-->src\main\AndroidManifest.xml:19:9-41
48        android:supportsRtl="true"
48-->src\main\AndroidManifest.xml:20:9-35
49        android:theme="@style/Theme.MeshCommand" >
49-->src\main\AndroidManifest.xml:21:9-49
50        <activity
50-->src\main\AndroidManifest.xml:23:9-39:20
51            android:name="com.meshcommand.app.MainActivity"
51-->src\main\AndroidManifest.xml:24:13-41
52            android:exported="true"
52-->src\main\AndroidManifest.xml:25:13-36
53            android:screenOrientation="landscape"
53-->src\main\AndroidManifest.xml:26:13-50
54            android:theme="@style/Theme.MeshCommand" >
54-->src\main\AndroidManifest.xml:27:13-53
55            <intent-filter>
55-->src\main\AndroidManifest.xml:28:13-32:29
56                <action android:name="android.intent.action.MAIN" />
56-->src\main\AndroidManifest.xml:29:17-69
56-->src\main\AndroidManifest.xml:29:25-66
57
58                <category android:name="android.intent.category.LAUNCHER" />
58-->src\main\AndroidManifest.xml:31:17-77
58-->src\main\AndroidManifest.xml:31:27-74
59            </intent-filter>
60            <intent-filter>
60-->src\main\AndroidManifest.xml:33:13-35:29
61                <action android:name="android.hardware.usb.action.USB_DEVICE_ATTACHED" />
61-->src\main\AndroidManifest.xml:34:17-90
61-->src\main\AndroidManifest.xml:34:25-87
62            </intent-filter>
63
64            <meta-data
64-->src\main\AndroidManifest.xml:36:13-38:57
65                android:name="android.hardware.usb.action.USB_DEVICE_ATTACHED"
65-->src\main\AndroidManifest.xml:37:17-79
66                android:resource="@xml/device_filter" />
66-->src\main\AndroidManifest.xml:38:17-54
67        </activity>
68
69        <service
69-->src\main\AndroidManifest.xml:40:9-43:63
70            android:name="com.meshcommand.app.service.MeshForegroundService"
70-->src\main\AndroidManifest.xml:41:13-58
71            android:exported="false"
71-->src\main\AndroidManifest.xml:42:13-37
72            android:foregroundServiceType="connectedDevice" />
72-->src\main\AndroidManifest.xml:43:13-60
73
74        <activity
74-->[androidx.compose.ui:ui-tooling-android:1.6.7] AndroidManifest.xml:23:9-25:39
75            android:name="androidx.compose.ui.tooling.PreviewActivity"
75-->[androidx.compose.ui:ui-tooling-android:1.6.7] AndroidManifest.xml:24:13-71
76            android:exported="true" />
76-->[androidx.compose.ui:ui-tooling-android:1.6.7] AndroidManifest.xml:25:13-36
77        <activity
77-->[androidx.compose.ui:ui-test-manifest:1.6.7] AndroidManifest.xml:23:9-25:39
78            android:name="androidx.activity.ComponentActivity"
78-->[androidx.compose.ui:ui-test-manifest:1.6.7] AndroidManifest.xml:24:13-63
79            android:exported="true" />
79-->[androidx.compose.ui:ui-test-manifest:1.6.7] AndroidManifest.xml:25:13-36
80
81        <provider
81-->[androidx.emoji2:emoji2:1.3.0] AndroidManifest.xml:24:9-32:20
82            android:name="androidx.startup.InitializationProvider"
82-->[androidx.emoji2:emoji2:1.3.0] AndroidManifest.xml:25:13-67
83            android:authorities="com.meshcommand.app.androidx-startup"
83-->[androidx.emoji2:emoji2:1.3.0] AndroidManifest.xml:26:13-68
84            android:exported="false" >
84-->[androidx.emoji2:emoji2:1.3.0] AndroidManifest.xml:27:13-37
85            <meta-data
85-->[androidx.emoji2:emoji2:1.3.0] AndroidManifest.xml:29:13-31:52
86                android:name="androidx.emoji2.text.EmojiCompatInitializer"
86-->[androidx.emoji2:emoji2:1.3.0] AndroidManifest.xml:30:17-75
87                android:value="androidx.startup" />
87-->[androidx.emoji2:emoji2:1.3.0] AndroidManifest.xml:31:17-49
88            <meta-data
88-->[androidx.lifecycle:lifecycle-process:2.8.0] AndroidManifest.xml:29:13-31:52
89                android:name="androidx.lifecycle.ProcessLifecycleInitializer"
89-->[androidx.lifecycle:lifecycle-process:2.8.0] AndroidManifest.xml:30:17-78
90                android:value="androidx.startup" />
90-->[androidx.lifecycle:lifecycle-process:2.8.0] AndroidManifest.xml:31:17-49
91            <meta-data
91-->[androidx.profileinstaller:profileinstaller:1.3.1] AndroidManifest.xml:29:13-31:52
92                android:name="androidx.profileinstaller.ProfileInstallerInitializer"
92-->[androidx.profileinstaller:profileinstaller:1.3.1] AndroidManifest.xml:30:17-85
93                android:value="androidx.startup" />
93-->[androidx.profileinstaller:profileinstaller:1.3.1] AndroidManifest.xml:31:17-49
94        </provider>
95
96        <service
96-->[androidx.room:room-runtime:2.6.1] AndroidManifest.xml:24:9-28:63
97            android:name="androidx.room.MultiInstanceInvalidationService"
97-->[androidx.room:room-runtime:2.6.1] AndroidManifest.xml:25:13-74
98            android:directBootAware="true"
98-->[androidx.room:room-runtime:2.6.1] AndroidManifest.xml:26:13-43
99            android:exported="false" />
99-->[androidx.room:room-runtime:2.6.1] AndroidManifest.xml:27:13-37
100
101        <receiver
101-->[androidx.profileinstaller:profileinstaller:1.3.1] AndroidManifest.xml:34:9-52:20
102            android:name="androidx.profileinstaller.ProfileInstallReceiver"
102-->[androidx.profileinstaller:profileinstaller:1.3.1] AndroidManifest.xml:35:13-76
103            android:directBootAware="false"
103-->[androidx.profileinstaller:profileinstaller:1.3.1] AndroidManifest.xml:36:13-44
104            android:enabled="true"
104-->[androidx.profileinstaller:profileinstaller:1.3.1] AndroidManifest.xml:37:13-35
105            android:exported="true"
105-->[androidx.profileinstaller:profileinstaller:1.3.1] AndroidManifest.xml:38:13-36
106            android:permission="android.permission.DUMP" >
106-->[androidx.profileinstaller:profileinstaller:1.3.1] AndroidManifest.xml:39:13-57
107            <intent-filter>
107-->[androidx.profileinstaller:profileinstaller:1.3.1] AndroidManifest.xml:40:13-42:29
108                <action android:name="androidx.profileinstaller.action.INSTALL_PROFILE" />
108-->[androidx.profileinstaller:profileinstaller:1.3.1] AndroidManifest.xml:41:17-91
108-->[androidx.profileinstaller:profileinstaller:1.3.1] AndroidManifest.xml:41:25-88
109            </intent-filter>
110            <intent-filter>
110-->[androidx.profileinstaller:profileinstaller:1.3.1] AndroidManifest.xml:43:13-45:29
111                <action android:name="androidx.profileinstaller.action.SKIP_FILE" />
111-->[androidx.profileinstaller:profileinstaller:1.3.1] AndroidManifest.xml:44:17-85
111-->[androidx.profileinstaller:profileinstaller:1.3.1] AndroidManifest.xml:44:25-82
112            </intent-filter>
113            <intent-filter>
113-->[androidx.profileinstaller:profileinstaller:1.3.1] AndroidManifest.xml:46:13-48:29
114                <action android:name="androidx.profileinstaller.action.SAVE_PROFILE" />
114-->[androidx.profileinstaller:profileinstaller:1.3.1] AndroidManifest.xml:47:17-88
114-->[androidx.profileinstaller:profileinstaller:1.3.1] AndroidManifest.xml:47:25-85
115            </intent-filter>
116            <intent-filter>
116-->[androidx.profileinstaller:profileinstaller:1.3.1] AndroidManifest.xml:49:13-51:29
117                <action android:name="androidx.profileinstaller.action.BENCHMARK_OPERATION" />
117-->[androidx.profileinstaller:profileinstaller:1.3.1] AndroidManifest.xml:50:17-95
117-->[androidx.profileinstaller:profileinstaller:1.3.1] AndroidManifest.xml:50:25-92
118            </intent-filter>
119        </receiver>
120    </application>
121
122</manifest>